Using pre-set license
Built from '2022.3/staging' branch; Version is '2022.3.8f1 (b5eafc012955) revision 11922172'; Using compiler version '192829333'; Build Type 'Release'
OS: 'Windows 10  (10.0.19045) 64bit Professional' Language: 'en' Physical Memory: 16222 MB
BatchMode: 1, IsHumanControllingUs: 0, StartBugReporterOnCrash: 0, Is64bit: 1, IsPro: 1

COMMAND LINE ARGUMENTS:
C:\Program Files\Unity\Hub\Editor\2022.3.8f1\Editor\Unity.exe
-adb2
-batchMode
-noUpm
-name
AssetImportWorker2
-projectPath
C:/Users/Andrew/Documents/GitHub/fourS/clicker 2
-logFile
Logs/AssetImportWorker2.log
-srvPort
53755
Successfully changed project path to: C:/Users/Andrew/Documents/GitHub/fourS/clicker 2
C:/Users/Andrew/Documents/GitHub/fourS/clicker 2
[UnityMemory] Configuration Parameters - Can be set up in boot.config
    "memorysetup-bucket-allocator-granularity=16"
    "memorysetup-bucket-allocator-bucket-count=8"
    "memorysetup-bucket-allocator-block-size=33554432"
    "memorysetup-bucket-allocator-block-count=8"
    "memorysetup-main-allocator-block-size=16777216"
    "memorysetup-thread-allocator-block-size=16777216"
    "memorysetup-gfx-main-allocator-block-size=16777216"
    "memorysetup-gfx-thread-allocator-block-size=16777216"
    "memorysetup-cache-allocator-block-size=4194304"
    "memorysetup-typetree-allocator-block-size=2097152"
    "memorysetup-profiler-bucket-allocator-granularity=16"
    "memorysetup-profiler-bucket-allocator-bucket-count=8"
    "memorysetup-profiler-bucket-allocator-block-size=33554432"
    "memorysetup-profiler-bucket-allocator-block-count=8"
    "memorysetup-profiler-allocator-block-size=16777216"
    "memorysetup-profiler-editor-allocator-block-size=1048576"
    "memorysetup-temp-allocator-size-main=16777216"
    "memorysetup-job-temp-allocator-block-size=2097152"
    "memorysetup-job-temp-allocator-block-size-background=1048576"
    "memorysetup-job-temp-allocator-reduction-small-platforms=262144"
    "memorysetup-allocator-temp-initial-block-size-main=262144"
    "memorysetup-allocator-temp-initial-block-size-worker=262144"
    "memorysetup-temp-allocator-size-background-worker=32768"
    "memorysetup-temp-allocator-size-job-worker=262144"
    "memorysetup-temp-allocator-size-preload-manager=33554432"
    "memorysetup-temp-allocator-size-nav-mesh-worker=65536"
    "memorysetup-temp-allocator-size-audio-worker=65536"
    "memorysetup-temp-allocator-size-cloud-worker=32768"
    "memorysetup-temp-allocator-size-gi-baking-worker=262144"
    "memorysetup-temp-allocator-size-gfx=262144"
Player connection [17436] Host "[IP] 192.168.1.214 [Port] 0 [Flags] 2 [Guid] 3799448643 [EditorId] 3799448643 [Version] 1048832 [Id] WindowsEditor(7,DESKTOP-SAVR80B) [Debug] 1 [PackageName] WindowsEditor [ProjectName] Editor" joined multi-casting on [225.0.0.222:54997]...

Player connection [17436] Host "[IP] 192.168.1.214 [Port] 0 [Flags] 2 [Guid] 3799448643 [EditorId] 3799448643 [Version] 1048832 [Id] WindowsEditor(7,DESKTOP-SAVR80B) [Debug] 1 [PackageName] WindowsEditor [ProjectName] Editor" joined alternative multi-casting on [225.0.0.222:34997]...

[Physics::Module] Initialized MultithreadedJobDispatcher with 11 workers.
Refreshing native plugins compatible for Editor in 1312.99 ms, found 3 plugins.
Preloading 0 native plugins for Editor in 0.00 ms.
Initialize engine version: 2022.3.8f1 (b5eafc012955)
[Subsystems] Discovering subsystems at path C:/Program Files/Unity/Hub/Editor/2022.3.8f1/Editor/Data/Resources/UnitySubsystems
[Subsystems] Discovering subsystems at path C:/Users/Andrew/Documents/GitHub/fourS/clicker 2/Assets
GfxDevice: creating device client; threaded=0; jobified=0
Direct3D:
    Version:  Direct3D 11.0 [level 11.1]
    Renderer: NVIDIA GeForce RTX 3070 (ID=0x2484)
    Vendor:   NVIDIA
    VRAM:     8032 MB
    Driver:   31.0.15.4633
Initialize mono
Mono path[0] = 'C:/Program Files/Unity/Hub/Editor/2022.3.8f1/Editor/Data/Managed'
Mono path[1] = 'C:/Program Files/Unity/Hub/Editor/2022.3.8f1/Editor/Data/MonoBleedingEdge/lib/mono/unityjit-win32'
Mono config path = 'C:/Program Files/Unity/Hub/Editor/2022.3.8f1/Editor/Data/MonoBleedingEdge/etc'
Using monoOptions --debugger-agent=transport=dt_socket,embedding=1,server=y,suspend=n,address=127.0.0.1:56908
Begin MonoManager ReloadAssembly
Registering precompiled unity dll's ...
Register platform support module: C:/Program Files/Unity/Hub/Editor/2022.3.8f1/Editor/Data/PlaybackEngines/WebGLSupport/UnityEditor.WebGL.Extensions.dll
Register platform support module: C:/Program Files/Unity/Hub/Editor/2022.3.8f1/Editor/Data/PlaybackEngines/WindowsStandaloneSupport/UnityEditor.WindowsStandalone.Extensions.dll
Registered in 0.009900 seconds.
- Loaded All Assemblies, in  0.310 seconds
Native extension for WindowsStandalone target not found
Native extension for WebGL target not found
Mono: successfully reloaded assembly
- Finished resetting the current domain, in  0.197 seconds
Domain Reload Profiling: 506ms
	BeginReloadAssembly (85ms)
		ExecutionOrderSort (0ms)
		DisableScriptedObjects (0ms)
		BackupInstance (0ms)
		ReleaseScriptingObjects (0ms)
		CreateAndSetChildDomain (1ms)
	RebuildCommonClasses (24ms)
	RebuildNativeTypeToScriptingClass (7ms)
	initialDomainReloadingComplete (55ms)
	LoadAllAssembliesAndSetupDomain (137ms)
		LoadAssemblies (83ms)
		RebuildTransferFunctionScriptingTraits (0ms)
		AnalyzeDomain (135ms)
			TypeCache.Refresh (134ms)
				TypeCache.ScanAssembly (124ms)
			ScanForSourceGeneratedMonoScriptInfo (0ms)
			ResolveRequiredComponents (0ms)
	FinalizeReload (197ms)
		ReleaseScriptCaches (0ms)
		RebuildScriptCaches (0ms)
		SetupLoadedEditorAssemblies (155ms)
			LogAssemblyErrors (0ms)
			InitializePlatformSupportModulesInManaged (8ms)
			SetLoadedEditorAssemblies (5ms)
			RefreshPlugins (0ms)
			BeforeProcessingInitializeOnLoad (2ms)
			ProcessInitializeOnLoadAttributes (98ms)
			ProcessInitializeOnLoadMethodAttributes (42ms)
			AfterProcessingInitializeOnLoad (0ms)
			EditorAssembliesLoaded (0ms)
		ExecutionOrderSort2 (0ms)
		AwakeInstancesAfterBackupRestoration (0ms)
========================================================================
Worker process is ready to serve import requests
Script is not up to date after domain reload: guid(d412675cfb3441efa3bf8dcd9b7624dc) path("Assets/TextMesh Pro/Examples & Extras/Scripts/SkewTextExample.cs") state(2)
Script is not up to date after domain reload: guid(9eff140b25d64601aabc6ba32245d099) path("Assets/TextMesh Pro/Examples & Extras/Scripts/SimpleScript.cs") state(2)
Script is not up to date after domain reload: guid(8ef7be1c625941f7ba8ed7cc71718c0d) path("Assets/TextMesh Pro/Examples & Extras/Scripts/Benchmark01_UGUI.cs") state(2)
Script is not up to date after domain reload: guid(103e0a6a1d404693b9fb1a5173e0e979) path("Assets/TextMesh Pro/Examples & Extras/Scripts/TMP_TextSelector_A.cs") state(2)
Script is not up to date after domain reload: guid(f7cfa58e417a46ea8889989684c2522e) path("Assets/TextMesh Pro/Examples & Extras/Scripts/VertexShakeA.cs") state(2)
Script is not up to date after domain reload: guid(dc20866c0d5e413ab7559440e15333ae) path("Assets/TextMesh Pro/Examples & Extras/Scripts/Benchmark04.cs") state(2)
Script is not up to date after domain reload: guid(53d91f98a2664f5cb9af11de72ac54ec) path("Assets/TextMesh Pro/Examples & Extras/Scripts/ChatController.cs") state(2)
Script is not up to date after domain reload: guid(a4d4c76e63944cba8c7d00f56334b98c) path("Assets/TextMesh Pro/Examples & Extras/Scripts/TextMeshProFloatingText.cs") state(2)
Script is not up to date after domain reload: guid(e4e0d9ccee5f4950be8979268c9014e0) path("Assets/TextMesh Pro/Examples & Extras/Scripts/VertexShakeB.cs") state(2)
Script is not up to date after domain reload: guid(a4b6f99e8bc54541bbd149b014ff441c) path("Assets/TextMesh Pro/Examples & Extras/Scripts/EnvMapAnimator.cs") state(2)
Script is not up to date after domain reload: guid(24b0dc2d1d494adbbec1f4db26b4cf83) path("Assets/TextMesh Pro/Examples & Extras/Scripts/TMP_UiFrameRateCounter.cs") state(2)
Script is not up to date after domain reload: guid(2d687537154440a3913a9a3c7977978c) path("Assets/TextMesh Pro/Examples & Extras/Scripts/CameraController.cs") state(2)
Script is not up to date after domain reload: guid(c3c1afeda5e545e0b19add5373896d2e) path("Assets/TextMesh Pro/Examples & Extras/Scripts/TMPro_InstructionOverlay.cs") state(2)
Script is not up to date after domain reload: guid(6f2c5b59b6874405865e2616e4ec276a) path("Assets/TextMesh Pro/Examples & Extras/Scripts/TMP_ExampleScript_01.cs") state(2)
Script is not up to date after domain reload: guid(43bcd35a1c0c40ccb6d472893fe2093f) path("Assets/TextMesh Pro/Examples & Extras/Scripts/TextConsoleSimulator.cs") state(2)
Script is not up to date after domain reload: guid(4f19c7f94c794c5097d8bd11e39c750d) path("Assets/TextMesh Pro/Examples & Extras/Scripts/ObjectSpin.cs") state(2)
Script is not up to date after domain reload: guid(21256c5b62f346f18640dad779911e20) path("Assets/TextMesh Pro/Examples & Extras/Scripts/TMP_TextInfoDebugTool.cs") state(2)
Script is not up to date after domain reload: guid(d736ce056cf444ca96e424f4d9c42b76) path("Assets/TextMesh Pro/Examples & Extras/Scripts/TMP_TextEventCheck.cs") state(2)
Script is not up to date after domain reload: guid(2787a46a4dc848c1b4b7b9307b614bfd) path("Assets/TextMesh Pro/Examples & Extras/Scripts/ShaderPropAnimator.cs") state(2)
Script is not up to date after domain reload: guid(790744c462254b7ba8038e6ed28b3db2) path("Assets/TextMesh Pro/Examples & Extras/Scripts/WarpTextExample.cs") state(2)
Script is not up to date after domain reload: guid(1a7eb92a01ed499a987bde9def05fbce) path("Assets/TextMesh Pro/Examples & Extras/Scripts/TMP_DigitValidator.cs") state(2)
Script is not up to date after domain reload: guid(e8538afcddc14efbb5d9e94b7ae50197) path("Assets/TextMesh Pro/Examples & Extras/Scripts/Benchmark02.cs") state(2)
Script is not up to date after domain reload: guid(76c11bbcfddf44e0ba17d6c2751c8d84) path("Assets/TextMesh Pro/Examples & Extras/Scripts/TextMeshSpawner.cs") state(2)
Script is not up to date after domain reload: guid(a73109742c8d47ac822895a473300c29) path("Assets/TextMesh Pro/Examples & Extras/Scripts/Benchmark03.cs") state(2)
Script is not up to date after domain reload: guid(686ec78b56aa445795335fbadafcfaa4) path("Assets/TextMesh Pro/Examples & Extras/Scripts/TMP_FrameRateCounter.cs") state(2)
Script is not up to date after domain reload: guid(2ed57967c52645d390a89dcf8f61ba73) path("Assets/TextMesh Pro/Examples & Extras/Scripts/VertexJitter.cs") state(2)
Script is not up to date after domain reload: guid(1312ae25639a4bae8e25ae223209cc50) path("Assets/TextMesh Pro/Examples & Extras/Scripts/TMP_TextEventHandler.cs") state(2)
Script is not up to date after domain reload: guid(a05dcd8be7ec4ccbb35c26219884aa37) path("Assets/TextMesh Pro/Examples & Extras/Scripts/TMP_TextSelector_B.cs") state(2)
Script is not up to date after domain reload: guid(ac1eb05af6d391b4eb0f4c070a99f1d0) path("Assets/TextMesh Pro/Examples & Extras/Scripts/DropdownSample.cs") state(2)
Script is not up to date after domain reload: guid(83680ab1a69f4102ac67d1459fe76e1f) path("Assets/TextMesh Pro/Examples & Extras/Scripts/TMP_PhoneNumberValidator.cs") state(2)
Script is not up to date after domain reload: guid(91b8ba3d52e041fab2d0e0f169855539) path("Assets/TextMesh Pro/Examples & Extras/Scripts/VertexColorCycler.cs") state(2)
Script is not up to date after domain reload: guid(e32c266ee6204b21a427753cb0694c81) path("Assets/TextMesh Pro/Examples & Extras/Scripts/TeleType.cs") state(2)
Script is not up to date after domain reload: guid(52ec835d14bd486f900952b77698b7eb) path("Assets/TextMesh Pro/Examples & Extras/Scripts/VertexZoom.cs") state(2)
Script is not up to date after domain reload: guid(f970ea55f9f84bf79b05dab180b8c125) path("Assets/TextMesh Pro/Examples & Extras/Scripts/Benchmark01.cs") state(2)
Begin MonoManager ReloadAssembly
- Loaded All Assemblies, in  0.448 seconds
Refreshing native plugins compatible for Editor in 2.19 ms, found 3 plugins.
Native extension for WindowsStandalone target not found
Native extension for WebGL target not found
Package Manager log level set to [2]
[Package Manager] Server::EnsureServerProcessIsRunning -- launch failed, reason: Unity was launched with the -noUpm command-line argument
[Package Manager] UpmClient::Send -- Unable to send message (not connected to UPM process).
[Package Manager] Cannot connect to Unity Package Manager local server
Mono: successfully reloaded assembly
- Finished resetting the current domain, in  0.411 seconds
Domain Reload Profiling: 858ms
	BeginReloadAssembly (111ms)
		ExecutionOrderSort (0ms)
		DisableScriptedObjects (4ms)
		BackupInstance (0ms)
		ReleaseScriptingObjects (0ms)
		CreateAndSetChildDomain (16ms)
	RebuildCommonClasses (24ms)
	RebuildNativeTypeToScriptingClass (8ms)
	initialDomainReloadingComplete (31ms)
	LoadAllAssembliesAndSetupDomain (272ms)
		LoadAssemblies (213ms)
		RebuildTransferFunctionScriptingTraits (0ms)
		AnalyzeDomain (124ms)
			TypeCache.Refresh (109ms)
				TypeCache.ScanAssembly (97ms)
			ScanForSourceGeneratedMonoScriptInfo (10ms)
			ResolveRequiredComponents (4ms)
	FinalizeReload (412ms)
		ReleaseScriptCaches (0ms)
		RebuildScriptCaches (0ms)
		SetupLoadedEditorAssemblies (310ms)
			LogAssemblyErrors (0ms)
			InitializePlatformSupportModulesInManaged (6ms)
			SetLoadedEditorAssemblies (3ms)
			RefreshPlugins (0ms)
			BeforeProcessingInitializeOnLoad (46ms)
			ProcessInitializeOnLoadAttributes (236ms)
			ProcessInitializeOnLoadMethodAttributes (12ms)
			AfterProcessingInitializeOnLoad (6ms)
			EditorAssembliesLoaded (0ms)
		ExecutionOrderSort2 (0ms)
		AwakeInstancesAfterBackupRestoration (5ms)
Script is not up to date after domain reload: guid(d412675cfb3441efa3bf8dcd9b7624dc) path("Assets/TextMesh Pro/Examples & Extras/Scripts/SkewTextExample.cs") state(2)
Script is not up to date after domain reload: guid(9eff140b25d64601aabc6ba32245d099) path("Assets/TextMesh Pro/Examples & Extras/Scripts/SimpleScript.cs") state(2)
Script is not up to date after domain reload: guid(8ef7be1c625941f7ba8ed7cc71718c0d) path("Assets/TextMesh Pro/Examples & Extras/Scripts/Benchmark01_UGUI.cs") state(2)
Script is not up to date after domain reload: guid(103e0a6a1d404693b9fb1a5173e0e979) path("Assets/TextMesh Pro/Examples & Extras/Scripts/TMP_TextSelector_A.cs") state(2)
Script is not up to date after domain reload: guid(f7cfa58e417a46ea8889989684c2522e) path("Assets/TextMesh Pro/Examples & Extras/Scripts/VertexShakeA.cs") state(2)
Script is not up to date after domain reload: guid(dc20866c0d5e413ab7559440e15333ae) path("Assets/TextMesh Pro/Examples & Extras/Scripts/Benchmark04.cs") state(2)
Script is not up to date after domain reload: guid(53d91f98a2664f5cb9af11de72ac54ec) path("Assets/TextMesh Pro/Examples & Extras/Scripts/ChatController.cs") state(2)
Script is not up to date after domain reload: guid(a4d4c76e63944cba8c7d00f56334b98c) path("Assets/TextMesh Pro/Examples & Extras/Scripts/TextMeshProFloatingText.cs") state(2)
Script is not up to date after domain reload: guid(e4e0d9ccee5f4950be8979268c9014e0) path("Assets/TextMesh Pro/Examples & Extras/Scripts/VertexShakeB.cs") state(2)
Script is not up to date after domain reload: guid(a4b6f99e8bc54541bbd149b014ff441c) path("Assets/TextMesh Pro/Examples & Extras/Scripts/EnvMapAnimator.cs") state(2)
Script is not up to date after domain reload: guid(24b0dc2d1d494adbbec1f4db26b4cf83) path("Assets/TextMesh Pro/Examples & Extras/Scripts/TMP_UiFrameRateCounter.cs") state(2)
Script is not up to date after domain reload: guid(2d687537154440a3913a9a3c7977978c) path("Assets/TextMesh Pro/Examples & Extras/Scripts/CameraController.cs") state(2)
Script is not up to date after domain reload: guid(c3c1afeda5e545e0b19add5373896d2e) path("Assets/TextMesh Pro/Examples & Extras/Scripts/TMPro_InstructionOverlay.cs") state(2)
Script is not up to date after domain reload: guid(6f2c5b59b6874405865e2616e4ec276a) path("Assets/TextMesh Pro/Examples & Extras/Scripts/TMP_ExampleScript_01.cs") state(2)
Script is not up to date after domain reload: guid(43bcd35a1c0c40ccb6d472893fe2093f) path("Assets/TextMesh Pro/Examples & Extras/Scripts/TextConsoleSimulator.cs") state(2)
Script is not up to date after domain reload: guid(4f19c7f94c794c5097d8bd11e39c750d) path("Assets/TextMesh Pro/Examples & Extras/Scripts/ObjectSpin.cs") state(2)
Script is not up to date after domain reload: guid(21256c5b62f346f18640dad779911e20) path("Assets/TextMesh Pro/Examples & Extras/Scripts/TMP_TextInfoDebugTool.cs") state(2)
Script is not up to date after domain reload: guid(d736ce056cf444ca96e424f4d9c42b76) path("Assets/TextMesh Pro/Examples & Extras/Scripts/TMP_TextEventCheck.cs") state(2)
Script is not up to date after domain reload: guid(2787a46a4dc848c1b4b7b9307b614bfd) path("Assets/TextMesh Pro/Examples & Extras/Scripts/ShaderPropAnimator.cs") state(2)
Script is not up to date after domain reload: guid(790744c462254b7ba8038e6ed28b3db2) path("Assets/TextMesh Pro/Examples & Extras/Scripts/WarpTextExample.cs") state(2)
Script is not up to date after domain reload: guid(1a7eb92a01ed499a987bde9def05fbce) path("Assets/TextMesh Pro/Examples & Extras/Scripts/TMP_DigitValidator.cs") state(2)
Script is not up to date after domain reload: guid(e8538afcddc14efbb5d9e94b7ae50197) path("Assets/TextMesh Pro/Examples & Extras/Scripts/Benchmark02.cs") state(2)
Script is not up to date after domain reload: guid(76c11bbcfddf44e0ba17d6c2751c8d84) path("Assets/TextMesh Pro/Examples & Extras/Scripts/TextMeshSpawner.cs") state(2)
Script is not up to date after domain reload: guid(a73109742c8d47ac822895a473300c29) path("Assets/TextMesh Pro/Examples & Extras/Scripts/Benchmark03.cs") state(2)
Script is not up to date after domain reload: guid(686ec78b56aa445795335fbadafcfaa4) path("Assets/TextMesh Pro/Examples & Extras/Scripts/TMP_FrameRateCounter.cs") state(2)
Script is not up to date after domain reload: guid(2ed57967c52645d390a89dcf8f61ba73) path("Assets/TextMesh Pro/Examples & Extras/Scripts/VertexJitter.cs") state(2)
Script is not up to date after domain reload: guid(1312ae25639a4bae8e25ae223209cc50) path("Assets/TextMesh Pro/Examples & Extras/Scripts/TMP_TextEventHandler.cs") state(2)
Script is not up to date after domain reload: guid(a05dcd8be7ec4ccbb35c26219884aa37) path("Assets/TextMesh Pro/Examples & Extras/Scripts/TMP_TextSelector_B.cs") state(2)
Script is not up to date after domain reload: guid(ac1eb05af6d391b4eb0f4c070a99f1d0) path("Assets/TextMesh Pro/Examples & Extras/Scripts/DropdownSample.cs") state(2)
Script is not up to date after domain reload: guid(83680ab1a69f4102ac67d1459fe76e1f) path("Assets/TextMesh Pro/Examples & Extras/Scripts/TMP_PhoneNumberValidator.cs") state(2)
Script is not up to date after domain reload: guid(91b8ba3d52e041fab2d0e0f169855539) path("Assets/TextMesh Pro/Examples & Extras/Scripts/VertexColorCycler.cs") state(2)
Script is not up to date after domain reload: guid(e32c266ee6204b21a427753cb0694c81) path("Assets/TextMesh Pro/Examples & Extras/Scripts/TeleType.cs") state(2)
Script is not up to date after domain reload: guid(52ec835d14bd486f900952b77698b7eb) path("Assets/TextMesh Pro/Examples & Extras/Scripts/VertexZoom.cs") state(2)
Script is not up to date after domain reload: guid(f970ea55f9f84bf79b05dab180b8c125) path("Assets/TextMesh Pro/Examples & Extras/Scripts/Benchmark01.cs") state(2)
Launched and connected shader compiler UnityShaderCompiler.exe after 0.03 seconds
Refreshing native plugins compatible for Editor in 2.00 ms, found 3 plugins.
Preloading 0 native plugins for Editor in 0.00 ms.
Unloading 3082 Unused Serialized files (Serialized files now loaded: 0)
Unloading 31 unused Assets / (56.3 KB). Loaded Objects now: 3545.
Memory consumption went from 118.0 MB to 118.0 MB.
Total: 2.020900 ms (FindLiveObjects: 0.142300 ms CreateObjectMapping: 0.065500 ms MarkObjects: 1.735200 ms  DeleteObjects: 0.077200 ms)

AssetImportParameters requested are different than current active one (requested -> active):
  custom:container-demuxer-ogg: 62fdf1f143b41e24485cea50d1cbac27 -> 
  custom:video-decoder-ogg-theora: a1e56fd34408186e4bbccfd4996cb3dc -> 
  custom:framework-win-MediaFoundation: 216162199b28c13a410421893ffa2e32 -> 
  custom:CustomObjectIndexerAttribute: 756ad292c208cfabdd7b50bc23989ffe -> 
  custom:container-demuxer-webm: 4f35f7cbe854078d1ac9338744f61a02 -> 
  custom:container-muxer-webm: aa71ff27fc2769a1b78a27578f13a17b -> 
  custom:video-decoder-webm-vp8: 9c59270c3fd7afecdb556c50c9e8de78 -> 
  custom:SearchIndexIgnoredProperties: e643bd26f0fe6173181afceb89e7c659 -> 
  custom:AudioImporter_EditorPlatform: d09bf68614088b80899f8185d706f6e7 -> 
  custom:video-encoder-webm-vp8: eb34c28f22e8b96e1ab97ce403110664 -> 
  custom:audio-decoder-ogg-vorbis: bf7c407c2cedff20999df2af8eb42d56 -> 
  custom:audio-encoder-webm-vorbis: bf7c407c2cedff20999df2af8eb42d56 -> 
  custom:scripting/monoscript/fileName/SkewTextExample.cs:  -> c142d02d70a129e0533975f7c2f96956
  custom:scripting/monoscript/fileName/TMP_TextEventHandler.cs:  -> f5cd9d5a43bfefc8f4fec80e6de896a4
  custom:scripting/monoscript/fileName/TextMeshProFloatingText.cs:  -> 92608fa4a6315cd0786d82205e77b697
  custom:scripting/monoscript/fileName/VertexZoom.cs:  -> 650ab1e81d40126e3edcf737cce646e4
  custom:scripting/monoscript/fileName/VertexShakeA.cs:  -> 63ec564c588058369499638dd899e05b
  custom:scripting/monoscript/fileName/TMP_ExampleScript_01.cs:  -> a9d4be556104ff54e7d240529b3e01dc
  custom:scripting/monoscript/fileName/TMP_TextEventCheck.cs:  -> 13505d917eab5868c435e0c2986dadfa
  custom:scripting/monoscript/fileName/TMP_TextSelector_B.cs:  -> ba2be21a7486d37b1011342977a2e49d
  custom:scripting/monoscript/fileName/Benchmark01.cs:  -> 2d3e2cd961730ab95f139a49a673bace
  custom:scripting/monoscript/fileName/Benchmark02.cs:  -> 5640963252ce70910e726415f869ced6
  custom:scripting/monoscript/fileName/DropdownSample.cs:  -> 0a92251794e5f10400149f96c3c59e5d
  custom:scripting/monoscript/fileName/WarpTextExample.cs:  -> 2663459c266363641981c7d17b698d7f
  custom:scripting/monoscript/fileName/ChatController.cs:  -> 876d5ccae6e345dd5d9450eb0a748f16
  custom:scripting/monoscript/fileName/TextMeshSpawner.cs:  -> 76f28e2ddb031571e6ec62b018f65fa8
  custom:scripting/monoscript/fileName/TeleType.cs:  -> 31fa97821c4c70f157ec81d507aa6b62
  custom:scripting/monoscript/fileName/Benchmark04.cs:  -> 32220b148620e52aa81c13a114862bf4
  custom:scripting/monoscript/fileName/TMP_PhoneNumberValidator.cs:  -> 7c3049f481e464c6a9a15dee56c3126f
  custom:scripting/monoscript/fileName/EnvMapAnimator.cs:  -> 1b4f61c17e4b7283c3ac351aacff9d26
  custom:scripting/monoscript/fileName/ShaderPropAnimator.cs:  -> 55ce425812446482e623ff2695c94cb2
  custom:scripting/monoscript/fileName/SimpleScript.cs:  -> 454caab0c6c050f29b39d82e1d66d0fa
  custom:scripting/monoscript/fileName/ObjectSpin.cs:  -> 2b96bb2079dd7fa5108d981627a28e1e
  custom:scripting/monoscript/fileName/CameraController.cs:  -> 34b6be4e23ce86dc89786916c5983296
  custom:scripting/monoscript/fileName/TMP_TextInfoDebugTool.cs:  -> 3f1709cfb2cc628169113a35b5e9be3f
  custom:scripting/monoscript/fileName/TMP_TextSelector_A.cs:  -> 347309a09d56e367b188a6978f75b424
  custom:scripting/monoscript/fileName/VertexJitter.cs:  -> d27eb5498e48714a66aece98da065133
  custom:scripting/monoscript/fileName/TextConsoleSimulator.cs:  -> 33fc311abb20b5b0ed8f00e4d86b574e
  custom:scripting/monoscript/fileName/VertexColorCycler.cs:  -> 5f984ca91cf3609293aecc6bc5641572
  custom:scripting/monoscript/fileName/TMP_FrameRateCounter.cs:  -> 46f655df8cb483ac5958307137b1585a
  custom:scripting/monoscript/fileName/VertexShakeB.cs:  -> a6f78c4fcda1a29a1a1c1baefedba9e7
  custom:scripting/monoscript/fileName/TMP_UiFrameRateCounter.cs:  -> b01021aea19247f14a98ab338907956a
  custom:scripting/monoscript/fileName/TMPro_InstructionOverlay.cs:  -> b626d2270e6ebd5c4311585c18b58d8d
  custom:scripting/monoscript/fileName/TMP_DigitValidator.cs:  -> ac02af96215ae3951a3cce9e1a8c6085
  custom:scripting/monoscript/fileName/Benchmark01_UGUI.cs:  -> 6148cfe2627b7708298f301788144139
  custom:scripting/precompiled-assembly-types:Assembly-CSharp:  -> fc915b8c64163b6761e5351aa2c02497
  custom:scripting/monoscript/fileName/Benchmark03.cs:  -> 17cc87e0529ac71d909a946afb47a274
========================================================================
Received Prepare
Begin MonoManager ReloadAssembly
- Loaded All Assemblies, in  0.301 seconds
Refreshing native plugins compatible for Editor in 2.06 ms, found 3 plugins.
Native extension for WindowsStandalone target not found
Native extension for WebGL target not found
[Package Manager] Server::EnsureServerProcessIsRunning -- launch failed, reason: Unity was launched with the -noUpm command-line argument
[Package Manager] UpmClient::Send -- Unable to send message (not connected to UPM process).
[Package Manager] Cannot connect to Unity Package Manager local server
Mono: successfully reloaded assembly
- Finished resetting the current domain, in  0.544 seconds
Domain Reload Profiling: 843ms
	BeginReloadAssembly (109ms)
		ExecutionOrderSort (0ms)
		DisableScriptedObjects (4ms)
		BackupInstance (0ms)
		ReleaseScriptingObjects (0ms)
		CreateAndSetChildDomain (21ms)
	RebuildCommonClasses (23ms)
	RebuildNativeTypeToScriptingClass (8ms)
	initialDomainReloadingComplete (21ms)
	LoadAllAssembliesAndSetupDomain (137ms)
		LoadAssemblies (188ms)
		RebuildTransferFunctionScriptingTraits (0ms)
		AnalyzeDomain (9ms)
			TypeCache.Refresh (4ms)
				TypeCache.ScanAssembly (0ms)
			ScanForSourceGeneratedMonoScriptInfo (0ms)
			ResolveRequiredComponents (3ms)
	FinalizeReload (544ms)
		ReleaseScriptCaches (0ms)
		RebuildScriptCaches (0ms)
		SetupLoadedEditorAssemblies (264ms)
			LogAssemblyErrors (0ms)
			InitializePlatformSupportModulesInManaged (6ms)
			SetLoadedEditorAssemblies (3ms)
			RefreshPlugins (0ms)
			BeforeProcessingInitializeOnLoad (46ms)
			ProcessInitializeOnLoadAttributes (192ms)
			ProcessInitializeOnLoadMethodAttributes (12ms)
			AfterProcessingInitializeOnLoad (5ms)
			EditorAssembliesLoaded (0ms)
		ExecutionOrderSort2 (0ms)
		AwakeInstancesAfterBackupRestoration (4ms)
Refreshing native plugins compatible for Editor in 1.92 ms, found 3 plugins.
Preloading 0 native plugins for Editor in 0.00 ms.
Unloading 3096 Unused Serialized files (Serialized files now loaded: 0)
Unloading 22 unused Assets / (30.6 KB). Loaded Objects now: 3582.
Memory consumption went from 114.6 MB to 114.6 MB.
Total: 1.959400 ms (FindLiveObjects: 0.140600 ms CreateObjectMapping: 0.085000 ms MarkObjects: 1.700900 ms  DeleteObjects: 0.032400 ms)

Prepare: number of updated asset objects reloaded= 0
AssetImportParameters requested are different than current active one (requested -> active):
  custom:container-demuxer-ogg: 62fdf1f143b41e24485cea50d1cbac27 -> 
  custom:video-decoder-ogg-theora: a1e56fd34408186e4bbccfd4996cb3dc -> 
  custom:framework-win-MediaFoundation: 216162199b28c13a410421893ffa2e32 -> 
  custom:CustomObjectIndexerAttribute: 756ad292c208cfabdd7b50bc23989ffe -> 
  custom:container-demuxer-webm: 4f35f7cbe854078d1ac9338744f61a02 -> 
  custom:container-muxer-webm: aa71ff27fc2769a1b78a27578f13a17b -> 
  custom:video-decoder-webm-vp8: 9c59270c3fd7afecdb556c50c9e8de78 -> 
  custom:SearchIndexIgnoredProperties: e643bd26f0fe6173181afceb89e7c659 -> 
  custom:AudioImporter_EditorPlatform: d09bf68614088b80899f8185d706f6e7 -> 
  custom:video-encoder-webm-vp8: eb34c28f22e8b96e1ab97ce403110664 -> 
  custom:audio-decoder-ogg-vorbis: bf7c407c2cedff20999df2af8eb42d56 -> 
  custom:audio-encoder-webm-vorbis: bf7c407c2cedff20999df2af8eb42d56 -> 
========================================================================
Received Prepare
Begin MonoManager ReloadAssembly
- Loaded All Assemblies, in  0.364 seconds
Refreshing native plugins compatible for Editor in 2.05 ms, found 3 plugins.
Native extension for WindowsStandalone target not found
Native extension for WebGL target not found
[Package Manager] Server::EnsureServerProcessIsRunning -- launch failed, reason: Unity was launched with the -noUpm command-line argument
[Package Manager] UpmClient::Send -- Unable to send message (not connected to UPM process).
[Package Manager] Cannot connect to Unity Package Manager local server
Mono: successfully reloaded assembly
- Finished resetting the current domain, in  0.568 seconds
Domain Reload Profiling: 931ms
	BeginReloadAssembly (134ms)
		ExecutionOrderSort (0ms)
		DisableScriptedObjects (5ms)
		BackupInstance (0ms)
		ReleaseScriptingObjects (0ms)
		CreateAndSetChildDomain (25ms)
	RebuildCommonClasses (33ms)
	RebuildNativeTypeToScriptingClass (10ms)
	initialDomainReloadingComplete (23ms)
	LoadAllAssembliesAndSetupDomain (162ms)
		LoadAssemblies (224ms)
		RebuildTransferFunctionScriptingTraits (0ms)
		AnalyzeDomain (16ms)
			TypeCache.Refresh (7ms)
				TypeCache.ScanAssembly (0ms)
			ScanForSourceGeneratedMonoScriptInfo (5ms)
			ResolveRequiredComponents (4ms)
	FinalizeReload (569ms)
		ReleaseScriptCaches (0ms)
		RebuildScriptCaches (0ms)
		SetupLoadedEditorAssemblies (256ms)
			LogAssemblyErrors (0ms)
			InitializePlatformSupportModulesInManaged (6ms)
			SetLoadedEditorAssemblies (3ms)
			RefreshPlugins (0ms)
			BeforeProcessingInitializeOnLoad (44ms)
			ProcessInitializeOnLoadAttributes (185ms)
			ProcessInitializeOnLoadMethodAttributes (12ms)
			AfterProcessingInitializeOnLoad (6ms)
			EditorAssembliesLoaded (0ms)
		ExecutionOrderSort2 (0ms)
		AwakeInstancesAfterBackupRestoration (5ms)
Refreshing native plugins compatible for Editor in 1.91 ms, found 3 plugins.
Preloading 0 native plugins for Editor in 0.00 ms.
Unloading 3097 Unused Serialized files (Serialized files now loaded: 0)
Unloading 22 unused Assets / (30.5 KB). Loaded Objects now: 3586.
Memory consumption went from 114.7 MB to 114.6 MB.
Total: 2.046800 ms (FindLiveObjects: 0.149500 ms CreateObjectMapping: 0.063800 ms MarkObjects: 1.798400 ms  DeleteObjects: 0.034400 ms)

Prepare: number of updated asset objects reloaded= 0
AssetImportParameters requested are different than current active one (requested -> active):
  custom:container-demuxer-ogg: 62fdf1f143b41e24485cea50d1cbac27 -> 
  custom:video-decoder-ogg-theora: a1e56fd34408186e4bbccfd4996cb3dc -> 
  custom:framework-win-MediaFoundation: 216162199b28c13a410421893ffa2e32 -> 
  custom:CustomObjectIndexerAttribute: 756ad292c208cfabdd7b50bc23989ffe -> 
  custom:container-demuxer-webm: 4f35f7cbe854078d1ac9338744f61a02 -> 
  custom:container-muxer-webm: aa71ff27fc2769a1b78a27578f13a17b -> 
  custom:video-decoder-webm-vp8: 9c59270c3fd7afecdb556c50c9e8de78 -> 
  custom:SearchIndexIgnoredProperties: e643bd26f0fe6173181afceb89e7c659 -> 
  custom:AudioImporter_EditorPlatform: d09bf68614088b80899f8185d706f6e7 -> 
  custom:video-encoder-webm-vp8: eb34c28f22e8b96e1ab97ce403110664 -> 
  custom:audio-decoder-ogg-vorbis: bf7c407c2cedff20999df2af8eb42d56 -> 
  custom:audio-encoder-webm-vorbis: bf7c407c2cedff20999df2af8eb42d56 -> 
========================================================================
Received Import Request.
  Time since last request: 1224094.093706 seconds.
  path: Assets/game.cs
  artifactKey: Guid(f41cc590795d3a64ea1f4b51a6f0031b) Importer(815301076,1909f56bfc062723c751e8b465ee728b)
Start importing Assets/game.cs using Guid(f41cc590795d3a64ea1f4b51a6f0031b) Importer(815301076,1909f56bfc062723c751e8b465ee728b)  -> (artifact id: '54dc49012efa29afd60629cfb59dc2e3') in 0.002569 seconds
Number of updated asset objects reloaded before import = 0
Number of asset objects unloaded after import = 0
========================================================================
Received Import Request.
  Time since last request: 451.493033 seconds.
  path: Assets/game.cs
  artifactKey: Guid(f41cc590795d3a64ea1f4b51a6f0031b) Importer(815301076,1909f56bfc062723c751e8b465ee728b)
Start importing Assets/game.cs using Guid(f41cc590795d3a64ea1f4b51a6f0031b) Importer(815301076,1909f56bfc062723c751e8b465ee728b)  -> (artifact id: '3ebb4e249e2951efbd6a4860b46b73a3') in 0.000699 seconds
Number of updated asset objects reloaded before import = 0
Number of asset objects unloaded after import = 0
